<?xml version="1.0" encoding="UTF-8"?>
<!-- Generated by org.testng.reporters.JUnitReportReporter -->
<testsuite skipped="0" hostname="INHD1085" name="com.emdcs.qa.testdata.LoginPageTest" tests="1" failures="0" timestamp="2020-02-10T17:19:52 IST" time="40.399" errors="0">
  <testcase name="loginTest" time="40.399" classname="com.emdcs.qa.testdata.LoginPageTest"/>
</testsuite> <!-- com.emdcs.qa.testdata.LoginPageTest -->
