<?xml version="1.0" encoding="UTF-8"?>
<!-- Generated by org.testng.reporters.JUnitReportReporter -->
<testsuite skipped="0" hostname="INHD1085" name="com.emdcs.qa.testdata.LoginPageTest" tests="1" failures="0" timestamp="2020-02-07T14:52:14 IST" time="39.700" errors="0">
  <testcase name="loginTest" time="39.700" classname="com.emdcs.qa.testdata.LoginPageTest"/>
</testsuite> <!-- com.emdcs.qa.testdata.LoginPageTest -->
